<?xml version="1.0" encoding="UTF-8"?>
<!-- Generated by org.testng.reporters.JUnitXMLReporter -->
<testsuite ignored="4" hostname="LAPTOP-EOK2EVU3" failures="0" tests="5" name="Android" time="58.451" errors="0" timestamp="2022-07-11T22:23:19 IST">
  <testcase classname="com.qa.tests.LoginTests" name="invalidPassword" time="3.822"/>
  <testcase classname="com.qa.tests.LoginTests" name="invalidUserName" time="4.264"/>
  <testcase classname="com.qa.tests.LoginTests" name="successfulLogin" time="4.887"/>
  <testcase classname="com.qa.tests.ProductTests" name="validateProductOnProductDetailsPage" time="2.672"/>
  <testcase classname="com.qa.tests.ProductTests" name="validateProductOnProductsPage" time="1.5"/>
  <testcase classname="com.qa.BaseTest" name="@AfterTest afterTest" time="0.0">
    <ignored/>
  </testcase> <!-- @AfterTest afterTest -->
  <testcase classname="com.qa.BaseTest" name="@BeforeSuite beforeSuite" time="0.0">
    <ignored/>
  </testcase> <!-- @BeforeSuite beforeSuite -->
  <testcase classname="com.qa.BaseTest" name="@BeforeTest beforeTest" time="0.0">
    <ignored/>
  </testcase> <!-- @BeforeTest beforeTest -->
  <testcase classname="com.qa.BaseTest" name="@AfterSuite afterSuite" time="0.0">
    <ignored/>
  </testcase> <!-- @AfterSuite afterSuite -->
</testsuite> <!-- Android -->
