<?xml version="1.0" encoding="UTF-8"?>
<!-- Generated by org.testng.reporters.JUnitXMLReporter -->
<testsuite ignored="3" hostname="LAPTOP-EOK2EVU3" failures="0" tests="5" name="Pixel_2" time="63.139" errors="0" timestamp="2022-07-11T16:21:49 IST">
  <testcase classname="com.qa.tests.LoginTests" name="invalidPassword" time="4.364"/>
  <testcase classname="com.qa.tests.LoginTests" name="invalidUserName" time="4.326"/>
  <testcase classname="com.qa.tests.LoginTests" name="successfulLogin" time="5.451"/>
  <testcase classname="com.qa.tests.ProductTests" name="validateProductOnProductDetailsPage" time="2.81"/>
  <testcase classname="com.qa.tests.ProductTests" name="validateProductOnProductsPage" time="1.653"/>
  <testcase classname="com.qa.BaseTest" name="@AfterTest afterTest" time="0.0">
    <ignored/>
  </testcase> <!-- @AfterTest afterTest -->
  <testcase classname="com.qa.BaseTest" name="@BeforeTest beforeTest" time="0.0">
    <ignored/>
  </testcase> <!-- @BeforeTest beforeTest -->
  <testcase classname="com.qa.BaseTest" name="@AfterSuite afterSuite" time="0.0">
    <ignored/>
  </testcase> <!-- @AfterSuite afterSuite -->
</testsuite> <!-- Pixel_2 -->
