<?xml version="1.0" encoding="UTF-8"?>
<!-- Generated by org.testng.reporters.JUnitXMLReporter -->
<testsuite ignored="4" hostname="LAPTOP-EOK2EVU3" failures="0" tests="5" name="Emulator" time="66.529" errors="0" timestamp="2022-07-11T23:27:22 IST">
  <testcase classname="com.qa.tests.LoginTests" name="invalidPassword" time="7.376"/>
  <testcase classname="com.qa.tests.LoginTests" name="invalidUserName" time="3.481"/>
  <testcase classname="com.qa.tests.LoginTests" name="successfulLogin" time="6.043"/>
  <testcase classname="com.qa.tests.ProductTests" name="validateProductOnProductDetailsPage" time="6.448"/>
  <testcase classname="com.qa.tests.ProductTests" name="validateProductOnProductsPage" time="1.33"/>
  <testcase classname="com.qa.BaseTest" name="@AfterTest afterTest" time="0.0">
    <ignored/>
  </testcase> <!-- @AfterTest afterTest -->
  <testcase classname="com.qa.BaseTest" name="@BeforeSuite beforeSuite" time="0.0">
    <ignored/>
  </testcase> <!-- @BeforeSuite beforeSuite -->
  <testcase classname="com.qa.BaseTest" name="@BeforeTest beforeTest" time="0.0">
    <ignored/>
  </testcase> <!-- @BeforeTest beforeTest -->
  <testcase classname="com.qa.BaseTest" name="@AfterSuite afterSuite" time="0.0">
    <ignored/>
  </testcase> <!-- @AfterSuite afterSuite -->
</testsuite> <!-- Emulator -->
