<?xml version="1.0" encoding="UTF-8"?>
<testng-results ignored="4" total="9" passed="5" failed="0" skipped="0">
  <reporter-output>
  </reporter-output>
  <suite started-at="2022-07-11T23:26:15 IST" name="Suite" finished-at="2022-07-11T23:27:22 IST" duration-ms="66529">
    <groups>
    </groups>
    <test started-at="2022-07-11T23:26:15 IST" name="Emulator" finished-at="2022-07-11T23:27:22 IST" duration-ms="66529">
      <class name="com.qa.tests.LoginTests">
        <test-method is-config="true" signature="beforeSuite()[pri:0, instance:com.qa.tests.LoginTests@27f981c6]" started-at="2022-07-11T23:26:13 IST" name="beforeSuite" finished-at="2022-07-11T23:26:15 IST" duration-ms="2501" status="PASS">
          <reporter-output>
          </reporter-output>
        </test-method> <!-- beforeSuite -->
        <test-method is-config="true" signature="beforeTest(java.lang.String,java.lang.String,java.lang.String,java.lang.String,java.lang.String,java.lang.String,java.lang.String,java.lang.String)[pri:0, instance:com.qa.tests.LoginTests@27f981c6]" started-at="2022-07-11T23:26:15 IST" name="beforeTest" finished-at="2022-07-11T23:26:29 IST" duration-ms="13311" status="PASS">
          <params>
            <param index="0">
              <value>
                <![CDATA[true]]>
              </value>
            </param>
            <param index="1">
              <value>
                <![CDATA[Android]]>
              </value>
            </param>
            <param index="2">
              <value>
                <![CDATA[emulator-5554]]>
              </value>
            </param>
            <param index="3">
              <value>
                <![CDATA[Pixel_5]]>
              </value>
            </param>
            <param index="4">
              <value>
                <![CDATA[10000]]>
              </value>
            </param>
            <param index="5">
              <value>
                <![CDATA[11000]]>
              </value>
            </param>
            <param index="6">
              <value>
                <![CDATA[iOSOnly]]>
              </value>
            </param>
            <param index="7">
              <value>
                <![CDATA[iOSOnly]]>
              </value>
            </param>
          </params>
          <reporter-output>
          </reporter-output>
        </test-method> <!-- beforeTest -->
        <test-method is-config="true" signature="beforeClass()[pri:0, instance:com.qa.tests.LoginTests@27f981c6]" started-at="2022-07-11T23:26:29 IST" name="beforeClass" finished-at="2022-07-11T23:26:31 IST" duration-ms="2305" status="PASS">
          <reporter-output>
          </reporter-output>
        </test-method> <!-- beforeClass -->
        <test-method is-config="true" signature="beforeMethod()[pri:0, instance:com.qa.tests.LoginTests@27f981c6]" started-at="2022-07-11T23:26:31 IST" name="beforeMethod" finished-at="2022-07-11T23:26:32 IST" duration-ms="664" status="PASS">
          <reporter-output>
          </reporter-output>
        </test-method> <!-- beforeMethod -->
        <test-method is-config="true" signature="beforeMethod(java.lang.reflect.Method)[pri:0, instance:com.qa.tests.LoginTests@27f981c6]" started-at="2022-07-11T23:26:32 IST" name="beforeMethod" finished-at="2022-07-11T23:26:32 IST" duration-ms="112" status="PASS">
          <params>
            <param index="0">
              <value>
                <![CDATA[public void com.qa.tests.LoginTests.invalidPassword()]]>
              </value>
            </param>
          </params>
          <reporter-output>
          </reporter-output>
        </test-method> <!-- beforeMethod -->
        <test-method signature="invalidPassword()[pri:0, instance:com.qa.tests.LoginTests@27f981c6]" started-at="2022-07-11T23:26:32 IST" name="invalidPassword" finished-at="2022-07-11T23:26:39 IST" duration-ms="7376" status="PASS">
          <reporter-output>
          </reporter-output>
        </test-method> <!-- invalidPassword -->
        <test-method is-config="true" signature="afterMethod(org.testng.ITestResult)[pri:0, instance:com.qa.tests.LoginTests@27f981c6]" started-at="2022-07-11T23:26:39 IST" name="afterMethod" finished-at="2022-07-11T23:26:44 IST" duration-ms="5123" status="PASS">
          <params>
            <param index="0">
              <value>
                <![CDATA[[TestResult name=invalidPassword status=SUCCESS method=LoginTests.invalidPassword()[pri:0, instance:com.qa.tests.LoginTests@27f981c6] output={null}]]]>
              </value>
            </param>
          </params>
          <reporter-output>
          </reporter-output>
        </test-method> <!-- afterMethod -->
        <test-method is-config="true" signature="afterMethod()[pri:0, instance:com.qa.tests.LoginTests@27f981c6]" started-at="2022-07-11T23:26:39 IST" name="afterMethod" finished-at="2022-07-11T23:26:39 IST" duration-ms="0" status="PASS">
          <reporter-output>
          </reporter-output>
        </test-method> <!-- afterMethod -->
        <test-method is-config="true" signature="beforeMethod()[pri:0, instance:com.qa.tests.LoginTests@27f981c6]" started-at="2022-07-11T23:26:44 IST" name="beforeMethod" finished-at="2022-07-11T23:26:45 IST" duration-ms="538" status="PASS">
          <reporter-output>
          </reporter-output>
        </test-method> <!-- beforeMethod -->
        <test-method is-config="true" signature="beforeMethod(java.lang.reflect.Method)[pri:0, instance:com.qa.tests.LoginTests@27f981c6]" started-at="2022-07-11T23:26:45 IST" name="beforeMethod" finished-at="2022-07-11T23:26:45 IST" duration-ms="2" status="PASS">
          <params>
            <param index="0">
              <value>
                <![CDATA[public void com.qa.tests.LoginTests.invalidUserName()]]>
              </value>
            </param>
          </params>
          <reporter-output>
          </reporter-output>
        </test-method> <!-- beforeMethod -->
        <test-method signature="invalidUserName()[pri:0, instance:com.qa.tests.LoginTests@27f981c6]" started-at="2022-07-11T23:26:45 IST" name="invalidUserName" finished-at="2022-07-11T23:26:48 IST" duration-ms="3481" status="PASS">
          <reporter-output>
          </reporter-output>
        </test-method> <!-- invalidUserName -->
        <test-method is-config="true" signature="afterMethod(org.testng.ITestResult)[pri:0, instance:com.qa.tests.LoginTests@27f981c6]" started-at="2022-07-11T23:26:48 IST" name="afterMethod" finished-at="2022-07-11T23:26:49 IST" duration-ms="981" status="PASS">
          <params>
            <param index="0">
              <value>
                <![CDATA[[TestResult name=invalidUserName status=SUCCESS method=LoginTests.invalidUserName()[pri:0, instance:com.qa.tests.LoginTests@27f981c6] output={null}]]]>
              </value>
            </param>
          </params>
          <reporter-output>
          </reporter-output>
        </test-method> <!-- afterMethod -->
        <test-method is-config="true" signature="afterMethod()[pri:0, instance:com.qa.tests.LoginTests@27f981c6]" started-at="2022-07-11T23:26:48 IST" name="afterMethod" finished-at="2022-07-11T23:26:48 IST" duration-ms="0" status="PASS">
          <reporter-output>
          </reporter-output>
        </test-method> <!-- afterMethod -->
        <test-method is-config="true" signature="beforeMethod()[pri:0, instance:com.qa.tests.LoginTests@27f981c6]" started-at="2022-07-11T23:26:49 IST" name="beforeMethod" finished-at="2022-07-11T23:26:50 IST" duration-ms="574" status="PASS">
          <reporter-output>
          </reporter-output>
        </test-method> <!-- beforeMethod -->
        <test-method is-config="true" signature="beforeMethod(java.lang.reflect.Method)[pri:0, instance:com.qa.tests.LoginTests@27f981c6]" started-at="2022-07-11T23:26:50 IST" name="beforeMethod" finished-at="2022-07-11T23:26:50 IST" duration-ms="1" status="PASS">
          <params>
            <param index="0">
              <value>
                <![CDATA[public void com.qa.tests.LoginTests.successfulLogin()]]>
              </value>
            </param>
          </params>
          <reporter-output>
          </reporter-output>
        </test-method> <!-- beforeMethod -->
        <test-method signature="successfulLogin()[pri:0, instance:com.qa.tests.LoginTests@27f981c6]" started-at="2022-07-11T23:26:50 IST" name="successfulLogin" finished-at="2022-07-11T23:26:56 IST" duration-ms="6043" status="PASS">
          <reporter-output>
          </reporter-output>
        </test-method> <!-- successfulLogin -->
        <test-method is-config="true" signature="afterMethod()[pri:0, instance:com.qa.tests.LoginTests@27f981c6]" started-at="2022-07-11T23:26:56 IST" name="afterMethod" finished-at="2022-07-11T23:26:56 IST" duration-ms="0" status="PASS">
          <reporter-output>
          </reporter-output>
        </test-method> <!-- afterMethod -->
        <test-method is-config="true" signature="afterMethod(org.testng.ITestResult)[pri:0, instance:com.qa.tests.LoginTests@27f981c6]" started-at="2022-07-11T23:26:56 IST" name="afterMethod" finished-at="2022-07-11T23:26:57 IST" duration-ms="980" status="PASS">
          <params>
            <param index="0">
              <value>
                <![CDATA[[TestResult name=successfulLogin status=SUCCESS method=LoginTests.successfulLogin()[pri:0, instance:com.qa.tests.LoginTests@27f981c6] output={null}]]]>
              </value>
            </param>
          </params>
          <reporter-output>
          </reporter-output>
        </test-method> <!-- afterMethod -->
        <test-method is-config="true" signature="afterClass()[pri:0, instance:com.qa.tests.LoginTests@27f981c6]" started-at="2022-07-11T23:26:57 IST" name="afterClass" finished-at="2022-07-11T23:26:57 IST" duration-ms="0" status="PASS">
          <reporter-output>
          </reporter-output>
        </test-method> <!-- afterClass -->
        <test-method is-config="true" signature="afterTest()[pri:0, instance:com.qa.tests.LoginTests@27f981c6]" started-at="2022-07-11T23:27:22 IST" name="afterTest" finished-at="2022-07-11T23:27:22 IST" duration-ms="279" status="PASS">
          <reporter-output>
          </reporter-output>
        </test-method> <!-- afterTest -->
        <test-method is-config="true" signature="afterSuite()[pri:0, instance:com.qa.tests.LoginTests@27f981c6]" started-at="2022-07-11T23:27:22 IST" name="afterSuite" finished-at="2022-07-11T23:27:22 IST" duration-ms="68" status="PASS">
          <reporter-output>
          </reporter-output>
        </test-method> <!-- afterSuite -->
      </class> <!-- com.qa.tests.LoginTests -->
      <class name="com.qa.tests.ProductTests">
        <test-method is-config="true" signature="beforeClass()[pri:0, instance:com.qa.tests.ProductTests@273e7444]" started-at="2022-07-11T23:26:57 IST" name="beforeClass" finished-at="2022-07-11T23:26:59 IST" duration-ms="2279" status="PASS">
          <reporter-output>
          </reporter-output>
        </test-method> <!-- beforeClass -->
        <test-method is-config="true" signature="beforeMethod()[pri:0, instance:com.qa.tests.ProductTests@273e7444]" started-at="2022-07-11T23:26:59 IST" name="beforeMethod" finished-at="2022-07-11T23:27:00 IST" duration-ms="603" status="PASS">
          <reporter-output>
          </reporter-output>
        </test-method> <!-- beforeMethod -->
        <test-method is-config="true" signature="beforeMethod(java.lang.reflect.Method)[pri:0, instance:com.qa.tests.ProductTests@273e7444]" started-at="2022-07-11T23:27:00 IST" name="beforeMethod" finished-at="2022-07-11T23:27:04 IST" duration-ms="3778" status="PASS">
          <params>
            <param index="0">
              <value>
                <![CDATA[public void com.qa.tests.ProductTests.validateProductOnProductDetailsPage()]]>
              </value>
            </param>
          </params>
          <reporter-output>
          </reporter-output>
        </test-method> <!-- beforeMethod -->
        <test-method signature="validateProductOnProductDetailsPage()[pri:0, instance:com.qa.tests.ProductTests@273e7444]" started-at="2022-07-11T23:27:04 IST" name="validateProductOnProductDetailsPage" finished-at="2022-07-11T23:27:10 IST" duration-ms="6448" status="PASS">
          <reporter-output>
          </reporter-output>
        </test-method> <!-- validateProductOnProductDetailsPage -->
        <test-method is-config="true" signature="afterMethod()[pri:0, instance:com.qa.tests.ProductTests@273e7444]" started-at="2022-07-11T23:27:10 IST" name="afterMethod" finished-at="2022-07-11T23:27:12 IST" duration-ms="1904" status="PASS">
          <reporter-output>
          </reporter-output>
        </test-method> <!-- afterMethod -->
        <test-method is-config="true" signature="afterMethod(org.testng.ITestResult)[pri:0, instance:com.qa.tests.ProductTests@273e7444]" started-at="2022-07-11T23:27:12 IST" name="afterMethod" finished-at="2022-07-11T23:27:14 IST" duration-ms="1787" status="PASS">
          <params>
            <param index="0">
              <value>
                <![CDATA[[TestResult name=validateProductOnProductDetailsPage status=SUCCESS method=ProductTests.validateProductOnProductDetailsPage()[pri:0, instance:com.qa.tests.ProductTests@273e7444] output={null}]]]>
              </value>
            </param>
          </params>
          <reporter-output>
          </reporter-output>
        </test-method> <!-- afterMethod -->
        <test-method is-config="true" signature="beforeMethod()[pri:0, instance:com.qa.tests.ProductTests@273e7444]" started-at="2022-07-11T23:27:14 IST" name="beforeMethod" finished-at="2022-07-11T23:27:14 IST" duration-ms="526" status="PASS">
          <reporter-output>
          </reporter-output>
        </test-method> <!-- beforeMethod -->
        <test-method is-config="true" signature="beforeMethod(java.lang.reflect.Method)[pri:0, instance:com.qa.tests.ProductTests@273e7444]" started-at="2022-07-11T23:27:14 IST" name="beforeMethod" finished-at="2022-07-11T23:27:17 IST" duration-ms="2985" status="PASS">
          <params>
            <param index="0">
              <value>
                <![CDATA[public void com.qa.tests.ProductTests.validateProductOnProductsPage()]]>
              </value>
            </param>
          </params>
          <reporter-output>
          </reporter-output>
        </test-method> <!-- beforeMethod -->
        <test-method signature="validateProductOnProductsPage()[pri:0, instance:com.qa.tests.ProductTests@273e7444]" started-at="2022-07-11T23:27:17 IST" name="validateProductOnProductsPage" finished-at="2022-07-11T23:27:18 IST" duration-ms="1330" status="PASS">
          <reporter-output>
          </reporter-output>
        </test-method> <!-- validateProductOnProductsPage -->
        <test-method is-config="true" signature="afterMethod()[pri:0, instance:com.qa.tests.ProductTests@273e7444]" started-at="2022-07-11T23:27:18 IST" name="afterMethod" finished-at="2022-07-11T23:27:20 IST" duration-ms="1903" status="PASS">
          <reporter-output>
          </reporter-output>
        </test-method> <!-- afterMethod -->
        <test-method is-config="true" signature="afterMethod(org.testng.ITestResult)[pri:0, instance:com.qa.tests.ProductTests@273e7444]" started-at="2022-07-11T23:27:20 IST" name="afterMethod" finished-at="2022-07-11T23:27:22 IST" duration-ms="1189" status="PASS">
          <params>
            <param index="0">
              <value>
                <![CDATA[[TestResult name=validateProductOnProductsPage status=SUCCESS method=ProductTests.validateProductOnProductsPage()[pri:0, instance:com.qa.tests.ProductTests@273e7444] output={null}]]]>
              </value>
            </param>
          </params>
          <reporter-output>
          </reporter-output>
        </test-method> <!-- afterMethod -->
        <test-method is-config="true" signature="afterClass()[pri:0, instance:com.qa.tests.ProductTests@273e7444]" started-at="2022-07-11T23:27:22 IST" name="afterClass" finished-at="2022-07-11T23:27:22 IST" duration-ms="0" status="PASS">
          <reporter-output>
          </reporter-output>
        </test-method> <!-- afterClass -->
      </class> <!-- com.qa.tests.ProductTests -->
    </test> <!-- Emulator -->
  </suite> <!-- Suite -->
</testng-results>
