<?xml version="1.0" encoding="UTF-8"?>
<testsuite xmlns:xsi="http://www.w3.org/2001/XMLSchema-instance" xsi:noNamespaceSchemaLocation="https://maven.apache.org/surefire/maven-surefire-plugin/xsd/surefire-test-report.xsd" name="TestSuite" time="69.946" tests="5" errors="0" skipped="0" failures="0">
  <properties>
[...]
</properties>
  <testcase name="invalidPassword" classname="com.qa.tests.LoginTests" time="7.377"/>
  <testcase name="invalidUserName" classname="com.qa.tests.LoginTests" time="3.481"/>
  <testcase name="successfulLogin" classname="com.qa.tests.LoginTests" time="6.043"/>
  <testcase name="validateProductOnProductDetailsPage" classname="com.qa.tests.ProductTests" time="6.448"/>
  <testcase name="validateProductOnProductsPage" classname="com.qa.tests.ProductTests" time="1.329"/>
</testsuite>